# JRE version: Java(TM) SE Runtime Environment (8.0_121-b13) (build 1.8.0_121-b13)
# Java VM: Java HotSpot(TM) Client VM (25.121-b13 mixed mode windows-x86 )
Heap:
 def new generation   total 4928K, used 1805K [0x06600000, 0x06b50000, 0x0bb50000)
  eden space 4416K,  31% used [0x06600000, 0x0675df00, 0x06a50000)
  from space 512K,  79% used [0x06a50000, 0x06ab5760, 0x06ad0000)
  to   space 512K,   0% used [0x06ad0000, 0x06ad0000, 0x06b50000)
 tenured generation   total 10944K, used 3234K [0x0bb50000, 0x0c600000, 0x16600000)
   the space 10944K,  29% used [0x0bb50000, 0x0be78a80, 0x0be78c00, 0x0c600000)
 Metaspace       used 8035K, capacity 8275K, committed 8448K, reserved 8576K
GC Heap History (10 events):
Event: 4.893 GC heap before
{Heap before GC invocations=1 (full 0):
 def new generation   total 4928K, used 4928K [0x06600000, 0x06b50000, 0x0bb50000)
  eden space 4416K, 100% used [0x06600000, 0x06a50000, 0x06a50000)
  from space 512K, 100% used [0x06ad0000, 0x06b50000, 0x06b50000)
  to   space 512K,   0% used [0x06a50000, 0x06a50000, 0x06ad0000)
 tenured generation   total 10944K, used 845K [0x0bb50000, 0x0c600000, 0x16600000)
   the space 10944K,   7% used [0x0bb50000, 0x0bc236c8, 0x0bc23800, 0x0c600000)
 Metaspace       used 7636K, capacity 7846K, committed 7936K, reserved 8576K
Event: 4.901 GC heap after
Heap after GC invocations=2 (full 0):
 def new generation   total 4928K, used 512K [0x06600000, 0x06b50000, 0x0bb50000)
  eden space 4416K,   0% used [0x06600000, 0x06600000, 0x06a50000)
  from space 512K, 100% used [0x06a50000, 0x06ad0000, 0x06ad0000)
  to   space 512K,   0% used [0x06ad0000, 0x06ad0000, 0x06b50000)
 tenured generation   total 10944K, used 2725K [0x0bb50000, 0x0c600000, 0x16600000)
   the space 10944K,  24% used [0x0bb50000, 0x0bdf9700, 0x0bdf9800, 0x0c600000)
 Metaspace       used 7636K, capacity 7846K, committed 7936K, reserved 8576K
}
Event: 132.907 GC heap before
{Heap before GC invocations=2 (full 0):
 def new generation   total 4928K, used 4928K [0x06600000, 0x06b50000, 0x0bb50000)
  eden space 4416K, 100% used [0x06600000, 0x06a50000, 0x06a50000)
  from space 512K, 100% used [0x06a50000, 0x06ad0000, 0x06ad0000)
  to   space 512K,   0% used [0x06ad0000, 0x06ad0000, 0x06b50000)
 tenured generation   total 10944K, used 2725K [0x0bb50000, 0x0c600000, 0x16600000)
   the space 10944K,  24% used [0x0bb50000, 0x0bdf9700, 0x0bdf9800, 0x0c600000)
 Metaspace       used 7665K, capacity 7878K, committed 7936K, reserved 8576K
Event: 132.915 GC heap after
Heap after GC invocations=3 (full 0):
 def new generation   total 4928K, used 125K [0x06600000, 0x06b50000, 0x0bb50000)
  eden space 4416K,   0% used [0x06600000, 0x06600000, 0x06a50000)
  from space 512K,  24% used [0x06ad0000, 0x06aef590, 0x06b50000)
  to   space 512K,   0% used [0x06a50000, 0x06a50000, 0x06ad0000)
 tenured generation   total 10944K, used 3234K [0x0bb50000, 0x0c600000, 0x16600000)
   the space 10944K,  29% used [0x0bb50000, 0x0be78a80, 0x0be78c00, 0x0c600000)
 Metaspace       used 7665K, capacity 7878K, committed 7936K, reserved 8576K
}
Event: 132.953 GC heap before
{Heap before GC invocations=3 (full 0):
 def new generation   total 4928K, used 4541K [0x06600000, 0x06b50000, 0x0bb50000)
  eden space 4416K, 100% used [0x06600000, 0x06a50000, 0x06a50000)
  from space 512K,  24% used [0x06ad0000, 0x06aef590, 0x06b50000)
  to   space 512K,   0% used [0x06a50000, 0x06a50000, 0x06ad0000)
 tenured generation   total 10944K, used 3234K [0x0bb50000, 0x0c600000, 0x16600000)
   the space 10944K,  29% used [0x0bb50000, 0x0be78a80, 0x0be78c00, 0x0c600000)
 Metaspace       used 7665K, capacity 7878K, committed 7936K, reserved 8576K
Event: 132.954 GC heap after
Heap after GC invocations=4 (full 0):
 def new generation   total 4928K, used 88K [0x06600000, 0x06b50000, 0x0bb50000)
  eden space 4416K,   0% used [0x06600000, 0x06600000, 0x06a50000)
  from space 512K,  17% used [0x06a50000, 0x06a662e0, 0x06ad0000)
  to   space 512K,   0% used [0x06ad0000, 0x06ad0000, 0x06b50000)
 tenured generation   total 10944K, used 3234K [0x0bb50000, 0x0c600000, 0x16600000)
   the space 10944K,  29% used [0x0bb50000, 0x0be78a80, 0x0be78c00, 0x0c600000)
 Metaspace       used 7665K, capacity 7878K, committed 7936K, reserved 8576K
}
Event: 132.972 GC heap before
{Heap before GC invocations=4 (full 0):
 def new generation   total 4928K, used 4504K [0x06600000, 0x06b50000, 0x0bb50000)
  eden space 4416K, 100% used [0x06600000, 0x06a50000, 0x06a50000)
  from space 512K,  17% used [0x06a50000, 0x06a662e0, 0x06ad0000)
  to   space 512K,   0% used [0x06ad0000, 0x06ad0000, 0x06b50000)
 tenured generation   total 10944K, used 3234K [0x0bb50000, 0x0c600000, 0x16600000)
   the space 10944K,  29% used [0x0bb50000, 0x0be78a80, 0x0be78c00, 0x0c600000)
 Metaspace       used 7665K, capacity 7878K, committed 7936K, reserved 8576K
Event: 132.973 GC heap after
Heap after GC invocations=5 (full 0):
 def new generation   total 4928K, used 65K [0x06600000, 0x06b50000, 0x0bb50000)
  eden space 4416K,   0% used [0x06600000, 0x06600000, 0x06a50000)
  from space 512K,  12% used [0x06ad0000, 0x06ae0520, 0x06b50000)
  to   space 512K,   0% used [0x06a50000, 0x06a50000, 0x06ad0000)
 tenured generation   total 10944K, used 3234K [0x0bb50000, 0x0c600000, 0x16600000)
   the space 10944K,  29% used [0x0bb50000, 0x0be78a80, 0x0be78c00, 0x0c600000)
 Metaspace       used 7665K, capacity 7878K, committed 7936K, reserved 8576K
}
Event: 78209.999 GC heap before
{Heap before GC invocations=5 (full 0):
 def new generation   total 4928K, used 4481K [0x06600000, 0x06b50000, 0x0bb50000)
  eden space 4416K, 100% used [0x06600000, 0x06a50000, 0x06a50000)
  from space 512K,  12% used [0x06ad0000, 0x06ae0520, 0x06b50000)
  to   space 512K,   0% used [0x06a50000, 0x06a50000, 0x06ad0000)
 tenured generation   total 10944K, used 3234K [0x0bb50000, 0x0c600000, 0x16600000)
   the space 10944K,  29% used [0x0bb50000, 0x0be78a80, 0x0be78c00, 0x0c600000)
 Metaspace       used 8033K, capacity 8275K, committed 8448K, reserved 8576K
Event: 78210.099 GC heap after
Heap after GC invocations=6 (full 0):
 def new generation   total 4928K, used 405K [0x06600000, 0x06b50000, 0x0bb50000)
  eden space 4416K,   0% used [0x06600000, 0x06600000, 0x06a50000)
  from space 512K,  79% used [0x06a50000, 0x06ab5760, 0x06ad0000)
  to   space 512K,   0% used [0x06ad0000, 0x06ad0000, 0x06b50000)
 tenured generation   total 10944K, used 3234K [0x0bb50000, 0x0c600000, 0x16600000)
   the space 10944K,  29% used [0x0bb50000, 0x0be78a80, 0x0be78c00, 0x0c600000)
 Metaspace       used 8033K, capacity 8275K, committed 8448K, reserved 8576K
}

